2024-03-11 09:57:04,606 INFO o.a.j.u.JMeterUtils: Setting Locale to en_EN
2024-03-11 09:57:04,614 INFO o.a.j.JMeter: Loading user properties from: C:\ProgramData\chocolatey\lib\jmeter\tools\apache-jmeter-5.5\bin\user.properties
2024-03-11 09:57:04,614 INFO o.a.j.JMeter: Loading system properties from: C:\ProgramData\chocolatey\lib\jmeter\tools\apache-jmeter-5.5\bin\system.properties
2024-03-11 09:57:04,625 INFO o.a.j.JMeter: Copyright (c) 1998-2022 The Apache Software Foundation
2024-03-11 09:57:04,625 INFO o.a.j.JMeter: Version 5.5
2024-03-11 09:57:04,625 INFO o.a.j.JMeter: java.version=1.8.0_401
2024-03-11 09:57:04,625 INFO o.a.j.JMeter: java.vm.name=Java HotSpot(TM) 64-Bit Server VM
2024-03-11 09:57:04,625 INFO o.a.j.JMeter: os.name=Windows 11
2024-03-11 09:57:04,635 INFO o.a.j.JMeter: os.arch=amd64
2024-03-11 09:57:04,635 INFO o.a.j.JMeter: os.version=10.0
2024-03-11 09:57:04,635 INFO o.a.j.JMeter: file.encoding=Cp1252
2024-03-11 09:57:04,635 INFO o.a.j.JMeter: java.awt.headless=true
2024-03-11 09:57:04,635 INFO o.a.j.JMeter: Max memory     =1073741824
2024-03-11 09:57:04,635 INFO o.a.j.JMeter: Available Processors =16
2024-03-11 09:57:04,638 INFO o.a.j.JMeter: Default Locale=English (EN)
2024-03-11 09:57:04,638 INFO o.a.j.JMeter: JMeter  Locale=English (EN)
2024-03-11 09:57:04,638 INFO o.a.j.JMeter: JMeterHome=C:\ProgramData\chocolatey\lib\jmeter\tools\apache-jmeter-5.5
2024-03-11 09:57:04,638 INFO o.a.j.JMeter: user.dir  =C:\Users\aronk\Desktop\Scelablity\Vafan\backend
2024-03-11 09:57:04,638 INFO o.a.j.JMeter: PWD       =C:\Users\aronk\Desktop\Scelablity\Vafan\backend
2024-03-11 09:57:04,638 INFO o.a.j.JMeter: IP: 212.25.142.235 Name: MSI FullName: 212.25.142.235
2024-03-11 09:57:04,656 INFO o.a.j.JMeter: Setting property 'jmeter.reportgenerator.outputdir' to:'C:\Users\aronk\Desktop\Scelablity\Vafan\backend\jmeter\loadTest_report'
2024-03-11 09:57:04,656 INFO o.a.j.s.FileServer: Default base='C:\Users\aronk\Desktop\Scelablity\Vafan\backend'
2024-03-11 09:57:04,656 INFO o.a.j.s.FileServer: Set new base='C:\Users\aronk\Desktop\Scelablity\Vafan\backend\jmeter'
2024-03-11 09:57:04,749 INFO o.a.j.s.SaveService: Testplan (JMX) version: 2.2. Testlog (JTL) version: 2.2
2024-03-11 09:57:04,765 INFO o.a.j.s.SaveService: Using SaveService properties file encoding UTF-8
2024-03-11 09:57:04,773 INFO o.a.j.s.SaveService: Using SaveService properties version 5.0
2024-03-11 09:57:04,773 INFO o.a.j.s.SaveService: Loading file: jmeter\google.jmx
2024-03-11 09:57:04,803 INFO o.a.j.p.h.s.HTTPSamplerBase: Parser for text/html is org.apache.jmeter.protocol.http.parser.LagartoBasedHtmlParser
2024-03-11 09:57:04,803 INFO o.a.j.p.h.s.HTTPSamplerBase: Parser for application/xhtml+xml is org.apache.jmeter.protocol.http.parser.LagartoBasedHtmlParser
2024-03-11 09:57:04,803 INFO o.a.j.p.h.s.HTTPSamplerBase: Parser for application/xml is org.apache.jmeter.protocol.http.parser.LagartoBasedHtmlParser
2024-03-11 09:57:04,803 INFO o.a.j.p.h.s.HTTPSamplerBase: Parser for text/xml is org.apache.jmeter.protocol.http.parser.LagartoBasedHtmlParser
2024-03-11 09:57:04,803 INFO o.a.j.p.h.s.HTTPSamplerBase: Parser for text/vnd.wap.wml is org.apache.jmeter.protocol.http.parser.RegexpHTMLParser
2024-03-11 09:57:04,803 INFO o.a.j.p.h.s.HTTPSamplerBase: Parser for text/css is org.apache.jmeter.protocol.http.parser.CssParser
2024-03-11 09:57:04,970 INFO o.a.j.JMeter: Creating summariser <summary>
2024-03-11 09:57:04,970 INFO o.a.j.r.d.ReportGenerator: ReportGenerator will use for Parsing the separator: ','
2024-03-11 09:57:04,970 INFO o.a.j.r.d.ReportGenerator: Will generate report at end of test from  results file: loadTest.csv
2024-03-11 09:57:04,970 INFO o.a.j.r.d.ReportGenerator: Reading report generator properties from: C:\ProgramData\chocolatey\lib\jmeter\tools\apache-jmeter-5.5\bin\reportgenerator.properties
2024-03-11 09:57:04,991 INFO o.a.j.r.d.ReportGenerator: Merging with JMeter properties
2024-03-11 09:57:04,998 INFO o.a.j.r.c.ReportGeneratorConfiguration: Property 'jmeter.reportgenerator.temp_dir' not found, using default value 'temp' instead.
2024-03-11 09:57:05,001 INFO o.a.j.r.c.ReportGeneratorConfiguration: Property 'jmeter.reportgenerator.apdex_per_transaction' not found, using default value 'null' instead.
2024-03-11 09:57:05,001 INFO o.a.j.r.c.ReportGeneratorConfiguration: apdex_per_transaction is empty, not APDEX per transaction customization
2024-03-11 09:57:05,001 INFO o.a.j.r.c.ReportGeneratorConfiguration: Property 'jmeter.reportgenerator.sample_filter' not found, using default value 'null' instead.
2024-03-11 09:57:05,001 INFO o.a.j.r.c.ReportGeneratorConfiguration: Property 'jmeter.reportgenerator.report_title' not found, using default value 'null' instead.
2024-03-11 09:57:05,001 INFO o.a.j.r.c.ReportGeneratorConfiguration: Property 'jmeter.reportgenerator.start_date' not found, using default value 'null' instead.
2024-03-11 09:57:05,001 INFO o.a.j.r.c.ReportGeneratorConfiguration: Property 'jmeter.reportgenerator.end_date' not found, using default value 'null' instead.
2024-03-11 09:57:05,001 INFO o.a.j.r.c.ReportGeneratorConfiguration: Property 'jmeter.reportgenerator.date_format' not found, using default value 'null' instead.
2024-03-11 09:57:05,001 INFO o.a.j.r.c.ReportGeneratorConfiguration: Will use date range start date: null, end date: null
2024-03-11 09:57:05,006 INFO o.a.j.r.c.ReportGeneratorConfiguration: Property 'jmeter.reportgenerator.graph.totalTPS.exclude_controllers' not found, using default value 'false' instead.
2024-03-11 09:57:05,008 INFO o.a.j.r.c.ReportGeneratorConfiguration: Property 'jmeter.reportgenerator.graph.activeThreadsOverTime.exclude_controllers' not found, using default value 'false' instead.
2024-03-11 09:57:05,008 INFO o.a.j.r.c.ReportGeneratorConfiguration: Property 'jmeter.reportgenerator.graph.timeVsThreads.exclude_controllers' not found, using default value 'false' instead.
2024-03-11 09:57:05,008 INFO o.a.j.r.c.ReportGeneratorConfiguration: Property 'jmeter.reportgenerator.graph.responseTimeDistribution.exclude_controllers' not found, using default value 'false' instead.
2024-03-11 09:57:05,009 INFO o.a.j.r.c.ReportGeneratorConfiguration: Property 'jmeter.reportgenerator.graph.transactionsPerSecond.exclude_controllers' not found, using default value 'false' instead.
2024-03-11 09:57:05,009 INFO o.a.j.r.c.ReportGeneratorConfiguration: Property 'jmeter.reportgenerator.graph.responseTimePercentiles.exclude_controllers' not found, using default value 'false' instead.
2024-03-11 09:57:05,009 INFO o.a.j.r.c.ReportGeneratorConfiguration: Property 'jmeter.reportgenerator.graph.responseTimePercentilesOverTime.exclude_controllers' not found, using default value 'false' instead.
2024-03-11 09:57:05,009 INFO o.a.j.r.c.ReportGeneratorConfiguration: Property 'jmeter.reportgenerator.graph.responseTimesOverTime.exclude_controllers' not found, using default value 'false' instead.
2024-03-11 09:57:05,009 INFO o.a.j.r.c.ReportGeneratorConfiguration: Property 'jmeter.reportgenerator.graph.connectTimeOverTime.exclude_controllers' not found, using default value 'false' instead.
2024-03-11 09:57:05,009 INFO o.a.j.r.c.ReportGeneratorConfiguration: Property 'jmeter.reportgenerator.graph.latenciesOverTime.exclude_controllers' not found, using default value 'false' instead.
2024-03-11 09:57:05,009 INFO o.a.j.r.c.ReportGeneratorConfiguration: Property 'jmeter.reportgenerator.exporter.json.filters_only_sample_series' not found, using default value 'true' instead.
2024-03-11 09:57:05,009 INFO o.a.j.r.c.ReportGeneratorConfiguration: Property 'jmeter.reportgenerator.exporter.json.series_filter' not found, using default value '' instead.
2024-03-11 09:57:05,009 INFO o.a.j.r.c.ReportGeneratorConfiguration: Property 'jmeter.reportgenerator.exporter.json.show_controllers_only' not found, using default value 'false' instead.
2024-03-11 09:57:05,009 INFO o.a.j.r.c.ReportGeneratorConfiguration: Property 'jmeter.reportgenerator.exporter.html.filters_only_sample_series' not found, using default value 'true' instead.
2024-03-11 09:57:05,009 INFO o.a.j.r.c.ReportGeneratorConfiguration: Property 'jmeter.reportgenerator.exporter.html.series_filter' not found, using default value '' instead.
2024-03-11 09:57:05,009 INFO o.a.j.r.c.ReportGeneratorConfiguration: Property 'jmeter.reportgenerator.exporter.html.show_controllers_only' not found, using default value 'false' instead.
2024-03-11 09:57:05,022 INFO o.a.j.e.StandardJMeterEngine: Running the test!
2024-03-11 09:57:05,023 INFO o.a.j.s.SampleEvent: List of sample_variables: []
2024-03-11 09:57:05,023 INFO o.a.j.s.SampleEvent: List of sample_variables: []
2024-03-11 09:57:05,028 INFO o.a.j.e.u.CompoundVariable: Note: Function class names must contain the string: '.functions.'
2024-03-11 09:57:05,028 INFO o.a.j.e.u.CompoundVariable: Note: Function class names must not contain the string: '.gui.'
2024-03-11 09:57:05,284 INFO o.a.j.JMeter: Running test (1710147425284)
2024-03-11 09:57:05,319 INFO o.a.j.e.StandardJMeterEngine: Starting ThreadGroup: 1 : Thread Group
2024-03-11 09:57:05,319 INFO o.a.j.e.StandardJMeterEngine: Starting 1 threads for group Thread Group.
2024-03-11 09:57:05,319 INFO o.a.j.e.StandardJMeterEngine: Thread will continue on error
2024-03-11 09:57:05,319 INFO o.a.j.t.ThreadGroup: Starting thread group... number=1 threads=1 ramp-up=1 delayedStart=false
2024-03-11 09:57:05,319 INFO o.a.j.t.ThreadGroup: Started thread group number 1
2024-03-11 09:57:05,319 INFO o.a.j.e.StandardJMeterEngine: All thread groups have been started
2024-03-11 09:57:05,324 INFO o.a.j.t.JMeterThread: Thread started: Thread Group 1-1
2024-03-11 09:57:05,336 INFO o.a.j.p.h.s.HTTPHCAbstractImpl: Local host = MSI
2024-03-11 09:57:05,336 INFO o.a.j.p.h.s.HTTPHC4Impl: HTTP request retry count = 0
2024-03-11 09:57:05,336 INFO o.a.j.s.SampleResult: Note: Sample TimeStamps are START times
2024-03-11 09:57:05,336 INFO o.a.j.s.SampleResult: sampleresult.default.encoding is set to ISO-8859-1
2024-03-11 09:57:05,336 INFO o.a.j.s.SampleResult: sampleresult.useNanoTime=true
2024-03-11 09:57:05,336 INFO o.a.j.s.SampleResult: sampleresult.nanoThreadSleep=5000
2024-03-11 09:57:05,543 INFO o.a.j.r.Summariser: summary +      1 in 00:00:00 =    3.9/s Avg:   154 Min:   154 Max:   154 Err:     0 (0.00%) Active: 1 Started: 1 Finished: 0
2024-03-11 09:57:05,543 INFO o.a.j.t.JMeterThread: Thread is done: Thread Group 1-1
2024-03-11 09:57:05,543 INFO o.a.j.t.JMeterThread: Thread finished: Thread Group 1-1
2024-03-11 09:57:05,543 INFO o.a.j.e.StandardJMeterEngine: Notifying test listeners of end of test
2024-03-11 09:57:05,543 INFO o.a.j.r.Summariser: summary =      1 in 00:00:00 =    3.9/s Avg:   154 Min:   154 Max:   154 Err:     0 (0.00%)
2024-03-11 09:57:05,543 INFO o.a.j.JMeter: Generating Dashboard
2024-03-11 09:57:05,543 INFO o.a.j.r.d.ReportGenerator: Flushing result collector before report Generation
2024-03-11 09:57:05,561 INFO o.a.j.r.p.NormalizerSampleConsumer: Using format, 'ms', to parse timeStamp field
2024-03-11 09:57:07,126 INFO o.a.j.r.p.AbstractSampleConsumer: class org.apache.jmeter.report.processor.AggregateConsumer#stopProducing(): beginDate produced 0 samples
2024-03-11 09:57:07,126 INFO o.a.j.r.p.AbstractSampleConsumer: class org.apache.jmeter.report.processor.AggregateConsumer#stopProducing(): endDate produced 0 samples
2024-03-11 09:57:07,126 INFO o.a.j.r.p.AbstractSampleConsumer: class org.apache.jmeter.report.processor.ApdexSummaryConsumer#stopProducing(): apdexSummary produced 0 samples
2024-03-11 09:57:07,126 INFO o.a.j.r.p.AbstractSampleConsumer: class org.apache.jmeter.report.processor.RequestsSummaryConsumer#stopProducing(): requestsSummary produced 0 samples
2024-03-11 09:57:07,126 INFO o.a.j.r.p.AbstractSampleConsumer: class org.apache.jmeter.report.processor.StatisticsSummaryConsumer#stopProducing(): statisticsSummary produced 0 samples
2024-03-11 09:57:07,136 INFO o.a.j.r.p.AbstractSampleConsumer: class org.apache.jmeter.report.processor.Top5ErrorsBySamplerConsumer#stopProducing(): top5ErrorsBySampler produced 0 samples
2024-03-11 09:57:07,136 INFO o.a.j.r.p.AbstractSampleConsumer: class org.apache.jmeter.report.processor.ErrorsSummaryConsumer#stopProducing(): errorsSummary produced 0 samples
2024-03-11 09:57:07,136 INFO o.a.j.r.p.AbstractSampleConsumer: class org.apache.jmeter.report.processor.graph.impl.HitsPerSecondGraphConsumer#stopProducing(): hitsPerSecond produced 0 samples
2024-03-11 09:57:07,136 INFO o.a.j.r.p.AbstractSampleConsumer: class org.apache.jmeter.report.processor.graph.impl.LatencyVSRequestGraphConsumer#stopProducing(): latencyVsRequest produced 0 samples
2024-03-11 09:57:07,136 INFO o.a.j.r.p.AbstractSampleConsumer: class org.apache.jmeter.report.processor.graph.impl.SyntheticResponseTimeDistributionGraphConsumer#stopProducing(): syntheticResponseTimeDistribution produced 0 samples
2024-03-11 09:57:07,136 INFO o.a.j.r.p.AbstractSampleConsumer: class org.apache.jmeter.report.processor.graph.impl.BytesThroughputGraphConsumer#stopProducing(): bytesThroughputOverTime produced 0 samples
2024-03-11 09:57:07,146 INFO o.a.j.r.p.AbstractSampleConsumer: class org.apache.jmeter.report.processor.graph.impl.CodesPerSecondGraphConsumer#stopProducing(): codesPerSecond produced 0 samples
2024-03-11 09:57:07,146 INFO o.a.j.r.p.AbstractSampleConsumer: class org.apache.jmeter.report.processor.graph.impl.ResponseTimeVSRequestGraphConsumer#stopProducing(): responseTimeVsRequest produced 0 samples
2024-03-11 09:57:07,146 INFO o.a.j.r.p.AbstractSampleConsumer: class org.apache.jmeter.report.processor.FilterConsumer#stopProducing(): startIntervalControlerFilter produced 7 samples
2024-03-11 09:57:07,146 INFO o.a.j.r.p.AbstractSampleConsumer: class org.apache.jmeter.report.processor.graph.impl.TotalTPSGraphConsumer#stopProducing(): totalTPS produced 0 samples
2024-03-11 09:57:07,146 INFO o.a.j.r.p.AbstractSampleConsumer: class org.apache.jmeter.report.processor.graph.impl.ActiveThreadsGraphConsumer#stopProducing(): activeThreadsOverTime produced 0 samples
2024-03-11 09:57:07,146 INFO o.a.j.r.p.AbstractSampleConsumer: class org.apache.jmeter.report.processor.graph.impl.TimeVSThreadGraphConsumer#stopProducing(): timeVsThreads produced 0 samples
2024-03-11 09:57:07,146 INFO o.a.j.r.p.AbstractSampleConsumer: class org.apache.jmeter.report.processor.graph.impl.ResponseTimeDistributionGraphConsumer#stopProducing(): responseTimeDistribution produced 0 samples
2024-03-11 09:57:07,146 INFO o.a.j.r.p.AbstractSampleConsumer: class org.apache.jmeter.report.processor.graph.impl.TransactionsPerSecondGraphConsumer#stopProducing(): transactionsPerSecond produced 0 samples
2024-03-11 09:57:07,146 INFO o.a.j.r.p.AbstractSampleConsumer: class org.apache.jmeter.report.processor.graph.impl.ResponseTimePercentilesGraphConsumer#stopProducing(): responseTimePercentiles produced 0 samples
2024-03-11 09:57:07,146 INFO o.a.j.r.p.AbstractSampleConsumer: class org.apache.jmeter.report.processor.graph.impl.ResponseTimePercentilesOverTimeGraphConsumer#stopProducing(): responseTimePercentilesOverTime produced 0 samples
2024-03-11 09:57:07,146 INFO o.a.j.r.p.AbstractSampleConsumer: class org.apache.jmeter.report.processor.graph.impl.ResponseTimeOverTimeGraphConsumer#stopProducing(): responseTimesOverTime produced 0 samples
2024-03-11 09:57:07,146 INFO o.a.j.r.p.AbstractSampleConsumer: class org.apache.jmeter.report.processor.graph.impl.ConnectTimeOverTimeGraphConsumer#stopProducing(): connectTimeOverTime produced 0 samples
2024-03-11 09:57:07,146 INFO o.a.j.r.p.AbstractSampleConsumer: class org.apache.jmeter.report.processor.graph.impl.LatencyOverTimeGraphConsumer#stopProducing(): latenciesOverTime produced 0 samples
2024-03-11 09:57:07,146 INFO o.a.j.r.p.AbstractSampleConsumer: class org.apache.jmeter.report.processor.FilterConsumer#stopProducing(): nameFilter produced 15 samples
2024-03-11 09:57:07,146 INFO o.a.j.r.p.AbstractSampleConsumer: class org.apache.jmeter.report.processor.FilterConsumer#stopProducing(): dateRangeFilter produced 3 samples
2024-03-11 09:57:07,146 INFO o.a.j.r.p.AbstractSampleConsumer: class org.apache.jmeter.report.processor.NormalizerSampleConsumer#stopProducing(): normalizer produced 1 samples
2024-03-11 09:57:07,146 INFO o.a.j.r.p.CsvFileSampleSource: produce(): 1 samples produced in 1s 555 ms on channel 0
2024-03-11 09:57:07,146 INFO o.a.j.r.d.ReportGenerator: Exporting data using exporter:'json' of className:'org.apache.jmeter.report.dashboard.JsonExporter'
2024-03-11 09:57:07,235 INFO o.a.j.r.d.JsonExporter: Found data for consumer statisticsSummary in context
2024-03-11 09:57:07,235 INFO o.a.j.r.d.JsonExporter: Creating statistics for overall
2024-03-11 09:57:07,237 INFO o.a.j.r.d.JsonExporter: Creating statistics for other transactions
2024-03-11 09:57:07,237 INFO o.a.j.r.d.JsonExporter: Checking output folder
2024-03-11 09:57:07,237 INFO o.a.j.r.d.JsonExporter: Writing statistics JSON to C:\Users\aronk\Desktop\Scelablity\Vafan\backend\jmeter\loadTest_report\statistics.json
2024-03-11 09:57:07,270 INFO o.a.j.r.d.ReportGenerator: Exporting data using exporter:'html' of className:'org.apache.jmeter.report.dashboard.HtmlTemplateExporter'
2024-03-11 09:57:07,270 INFO o.a.j.r.d.HtmlTemplateExporter: Will generate dashboard in folder: C:\Users\aronk\Desktop\Scelablity\Vafan\backend\jmeter\loadTest_report
2024-03-11 09:57:07,332 INFO o.a.j.r.d.HtmlTemplateExporter: Report will be generated in: C:\Users\aronk\Desktop\Scelablity\Vafan\backend\jmeter\loadTest_report, creating folder structure
2024-03-11 09:57:07,351 INFO o.a.j.r.d.TemplateVisitor: Copying folder from 'C:\ProgramData\chocolatey\lib\jmeter\tools\apache-jmeter-5.5\bin\report-template' to 'C:\Users\aronk\Desktop\Scelablity\Vafan\backend\jmeter\loadTest_report', got message: C:\Users\aronk\Desktop\Scelablity\Vafan\backend\jmeter\loadTest_report, found non empty folder with following content [C:\Users\aronk\Desktop\Scelablity\Vafan\backend\jmeter\loadTest_report\statistics.json], will be ignored
2024-03-11 09:57:07,615 INFO o.a.j.JMeter: Dashboard generated
